<?xml version="1.0" encoding="UTF-8"?>
<testng-results skipped="0" failed="0" ignored="0" total="1" passed="1">
  <reporter-output>
  </reporter-output>
  <suite name="Suite" duration-ms="22496" started-at="2022-11-28T19:56:26 GMT" finished-at="2022-11-28T19:56:48 GMT">
    <groups>
      <group name="cucumber">
        <method signature="AbstractTestNGCucumberTests.runScenario(io.cucumber.testng.PickleWrapper,io.cucumber.testng.FeatureWrapper)[pri:0, instance:runners.PositiveTest@711f39f9]" name="runScenario" class="io.cucumber.testng.AbstractTestNGCucumberTests"/>
      </group> <!-- cucumber -->
    </groups>
    <test name="Test" duration-ms="22496" started-at="2022-11-28T19:56:26 GMT" finished-at="2022-11-28T19:56:48 GMT">
      <class name="runners.PositiveTest">
        <test-method status="PASS" signature="setUpClass(org.testng.ITestContext)[pri:0, instance:runners.PositiveTest@711f39f9]" name="setUpClass" is-config="true" duration-ms="919" started-at="2022-11-28T19:56:26 GMT" finished-at="2022-11-28T19:56:27 GMT">
          <params>
            <param index="0">
              <value>
                <![CDATA[org.testng.TestRunner@468dda3e]]>
              </value>
            </param>
          </params>
          <reporter-output>
          </reporter-output>
        </test-method> <!-- setUpClass -->
        <test-method status="PASS" signature="runScenario(io.cucumber.testng.PickleWrapper,io.cucumber.testng.FeatureWrapper)[pri:0, instance:runners.PositiveTest@711f39f9]" name="runScenario" duration-ms="20867" started-at="2022-11-28T19:56:27 GMT" description="Runs Cucumber Scenarios" data-provider="scenarios" finished-at="2022-11-28T19:56:48 GMT">
          <params>
            <param index="0">
              <value>
                <![CDATA["Validate Search Cars Page"]]>
              </value>
            </param>
            <param index="1">
              <value>
                <![CDATA["Optional[Acceptance testing to validate Search Cars Page is working.]"]]>
              </value>
            </param>
          </params>
          <reporter-output>
          </reporter-output>
        </test-method> <!-- runScenario -->
        <test-method status="PASS" signature="tearDownClass()[pri:0, instance:runners.PositiveTest@711f39f9]" name="tearDownClass" is-config="true" duration-ms="654" started-at="2022-11-28T19:56:48 GMT" finished-at="2022-11-28T19:56:48 GMT">
          <reporter-output>
          </reporter-output>
        </test-method> <!-- tearDownClass -->
      </class> <!-- runners.PositiveTest -->
    </test> <!-- Test -->
  </suite> <!-- Suite -->
</testng-results>
